<?xml version="1.0" encoding="UTF-8"?>
<!-- Generated by org.testng.reporters.JUnitReportReporter -->
<testsuite skipped="0" hostname="DESKTOP-FJ8DJMF" name="qaclickacademy.SeleniumTest" tests="2" failures="0" timestamp="2021-04-17T19:06:15 IST" time="0.026" errors="0">
  <testcase name="elementsUI" time="0.003" classname="qaclickacademy.SeleniumTest"/>
  <system-out/>
  <testcase name="browserAutomation" time="0.023" classname="qaclickacademy.SeleniumTest"/>
  <system-out/>
</testsuite> <!-- qaclickacademy.SeleniumTest -->
