<?xml version="1.0" encoding="UTF-8"?>
<!-- Generated by org.testng.reporters.JUnitReportReporter -->
<testsuite skipped="0" hostname="DESKTOP-FJ8DJMF" name="qaclickacademy.RestAPITest" tests="2" failures="0" timestamp="2021-04-16T20:22:17 IST" time="0.008" errors="0">
  <testcase name="deleteTwitter" time="0.003" classname="qaclickacademy.RestAPITest"/>
  <system-out/>
  <testcase name="postJira" time="0.005" classname="qaclickacademy.RestAPITest"/>
  <system-out/>
</testsuite> <!-- qaclickacademy.RestAPITest -->
