<?xml version="1.0" encoding="UTF-8"?>
<!-- Generated by org.testng.reporters.JUnitReportReporter -->
<testsuite skipped="0" hostname="DESKTOP-FJ8DJMF" name="qaclickacademy.AppiumTest" tests="1" failures="0" timestamp="2021-04-16T20:22:17 IST" time="0.023" errors="0">
  <testcase name="androidApp" time="0.023" classname="qaclickacademy.AppiumTest"/>
  <system-out/>
</testsuite> <!-- qaclickacademy.AppiumTest -->
